<?xml version="1.0" encoding="UTF-8"?>
<testng-results skipped="0" failed="0" ignored="0" total="0" passed="0">
  <reporter-output>
  </reporter-output>
  <suite name="demo suite" duration-ms="6481" started-at="2018-08-21T04:47:49Z" finished-at="2018-08-21T04:47:55Z">
    <groups>
    </groups>
    <test name="demo suite" duration-ms="6481" started-at="2018-08-21T04:47:49Z" finished-at="2018-08-21T04:47:55Z">
      <class name="support_group.test">
        <test-method status="PASS" signature="handleTestMethodName(java.lang.reflect.Method)[pri:0, instance:support_group.test@409bf450]" name="handleTestMethodName" is-config="true" duration-ms="5" started-at="2018-08-21T04:47:49Z" finished-at="2018-08-21T04:47:49Z">
          <params>
            <param index="0">
              <value>
                <![CDATA[public void support_group.test.test() throws java.lang.Exception]]>
              </value>
            </param>
          </params>
          <reporter-output>
          </reporter-output>
        </test-method> <!-- handleTestMethodName -->
        <test-method status="FAIL" signature="closeBrowser()[pri:0, instance:support_group.test@409bf450]" name="closeBrowser" is-config="true" duration-ms="1" started-at="2018-08-21T04:47:55Z" finished-at="2018-08-21T04:47:55Z">
          <exception class="java.lang.NullPointerException">
            <full-stacktrace>
              <![CDATA[java.lang.NullPointerException
at automationCore.DriverFactory.closeBrowser(DriverFactory.java:154)
at sun.reflect.NativeMethodAccessorImpl.invoke0(Native Method)
at sun.reflect.NativeMethodAccessorImpl.invoke(NativeMethodAccessorImpl.java:62)
at sun.reflect.DelegatingMethodAccessorImpl.invoke(DelegatingMethodAccessorImpl.java:43)
at java.lang.reflect.Method.invoke(Method.java:498)
at org.testng.internal.MethodInvocationHelper.invokeMethod(MethodInvocationHelper.java:124)
at org.testng.internal.MethodInvocationHelper.invokeMethodConsideringTimeout(MethodInvocationHelper.java:59)
at org.testng.internal.Invoker.invokeConfigurationMethod(Invoker.java:455)
at org.testng.internal.Invoker.invokeConfigurations(Invoker.java:222)
at org.testng.internal.Invoker.invokeConfigurations(Invoker.java:142)
at org.testng.internal.TestMethodWorker.invokeAfterClassMethods(TestMethodWorker.java:214)
at org.testng.internal.TestMethodWorker.run(TestMethodWorker.java:111)
at java.util.concurrent.ThreadPoolExecutor.runWorker(ThreadPoolExecutor.java:1142)
at java.util.concurrent.ThreadPoolExecutor$Worker.run(ThreadPoolExecutor.java:617)
at java.lang.Thread.run(Thread.java:745)
]]>
            </full-stacktrace>
          </exception> <!-- java.lang.NullPointerException -->
          <reporter-output>
          </reporter-output>
        </test-method> <!-- closeBrowser -->
      </class> <!-- support_group.test -->
    </test> <!-- demo suite -->
  </suite> <!-- demo suite -->
</testng-results>
