<?xml version="1.0" encoding="UTF-8"?>
<testng-results skipped="0" failed="0" ignored="0" total="1" passed="1">
  <reporter-output>
  </reporter-output>
  <suite name="demo suite" duration-ms="190286" started-at="2018-08-15T11:03:44Z" finished-at="2018-08-15T11:06:54Z">
    <groups>
    </groups>
    <test name="demo suite" duration-ms="190286" started-at="2018-08-15T11:03:44Z" finished-at="2018-08-15T11:06:54Z">
      <class name="solvers.co.au.TC_SmartInvestmentPage">
        <test-method status="PASS" signature="handleTestMethodName(java.lang.reflect.Method)[pri:0, instance:solvers.co.au.TC_SmartInvestmentPage@128d2484]" name="handleTestMethodName" is-config="true" duration-ms="3" started-at="2018-08-15T11:03:44Z" finished-at="2018-08-15T11:03:44Z">
          <params>
            <param index="0">
              <value>
                <![CDATA[public void solvers.co.au.TC_SmartInvestmentPage.TC_Insurance(int,java.lang.String) throws java.lang.Exception]]>
              </value>
            </param>
          </params>
          <reporter-output>
          </reporter-output>
        </test-method> <!-- handleTestMethodName -->
        <test-method status="PASS" signature="TC_Insurance(int, java.lang.String)[pri:0, instance:solvers.co.au.TC_SmartInvestmentPage@128d2484]" name="TC_Insurance" duration-ms="188901" started-at="2018-08-15T11:03:44Z" finished-at="2018-08-15T11:06:53Z">
          <params>
            <param index="0">
              <value>
                <![CDATA[20]]>
              </value>
            </param>
            <param index="1">
              <value>
                <![CDATA[https://solvers.com.au/is-life-insurance-a-smart-investment/]]>
              </value>
            </param>
          </params>
          <reporter-output>
          </reporter-output>
        </test-method> <!-- TC_Insurance -->
        <test-method status="PASS" signature="closeBrowser()[pri:0, instance:solvers.co.au.TC_SmartInvestmentPage@128d2484]" name="closeBrowser" is-config="true" duration-ms="945" started-at="2018-08-15T11:06:53Z" finished-at="2018-08-15T11:06:54Z">
          <reporter-output>
          </reporter-output>
        </test-method> <!-- closeBrowser -->
      </class> <!-- solvers.co.au.TC_SmartInvestmentPage -->
    </test> <!-- demo suite -->
  </suite> <!-- demo suite -->
</testng-results>
