<?xml version="1.0" encoding="UTF-8"?>
<testng-results skipped="0" failed="0" ignored="0" total="1" passed="1">
  <reporter-output>
  </reporter-output>
  <suite name="demo suite" duration-ms="12602" started-at="2018-08-21T04:49:23Z" finished-at="2018-08-21T04:49:35Z">
    <groups>
    </groups>
    <test name="demo suite" duration-ms="12602" started-at="2018-08-21T04:49:23Z" finished-at="2018-08-21T04:49:35Z">
      <class name="support_group.test">
        <test-method status="PASS" signature="handleTestMethodName(java.lang.reflect.Method)[pri:0, instance:support_group.test@409bf450]" name="handleTestMethodName" is-config="true" duration-ms="3" started-at="2018-08-21T04:49:23Z" finished-at="2018-08-21T04:49:23Z">
          <params>
            <param index="0">
              <value>
                <![CDATA[public void support_group.test.test() throws java.lang.Exception]]>
              </value>
            </param>
          </params>
          <reporter-output>
          </reporter-output>
        </test-method> <!-- handleTestMethodName -->
        <test-method status="PASS" signature="test()[pri:0, instance:support_group.test@409bf450]" name="test" duration-ms="11985" started-at="2018-08-21T04:49:23Z" finished-at="2018-08-21T04:49:35Z">
          <reporter-output>
          </reporter-output>
        </test-method> <!-- test -->
        <test-method status="PASS" signature="closeBrowser()[pri:0, instance:support_group.test@409bf450]" name="closeBrowser" is-config="true" duration-ms="601" started-at="2018-08-21T04:49:35Z" finished-at="2018-08-21T04:49:35Z">
          <reporter-output>
          </reporter-output>
        </test-method> <!-- closeBrowser -->
      </class> <!-- support_group.test -->
    </test> <!-- demo suite -->
  </suite> <!-- demo suite -->
</testng-results>
